{"timestamp":"2025-12-25T10:54:40.212972Z","level":"info","event":"DAG bundles loaded: dags-folder, example_dags","logger":"airflow.dag_processing.bundles.manager.DagBundlesManager","filename":"manager.py","lineno":179}
{"timestamp":"2025-12-25T10:54:40.214394Z","level":"info","event":"Filling up the DagBag from /opt/airflow/dags/shopstream_daily_pipeline.py","logger":"airflow.models.dagbag.DagBag","filename":"dagbag.py","lineno":593}
{"timestamp":"2025-12-25T10:54:40.727897Z","level":"info","event":"Task instance is in running state","logger":"task.stdout"}
{"timestamp":"2025-12-25T10:54:40.728807Z","level":"info","event":" Previous state of the Task instance: TaskInstanceState.QUEUED","logger":"task.stdout"}
{"timestamp":"2025-12-25T10:54:40.729434Z","level":"info","event":"Current task name:extract_postgres_to_s3","logger":"task.stdout"}
{"timestamp":"2025-12-25T10:54:40.729886Z","level":"info","event":"Dag name:shopstream_daily_pipeline","logger":"task.stdout"}
{"timestamp":"2025-12-25T10:54:40.730706Z","level":"info","event":"Extraction PostgreSQL vers S3 pour 2025-12-25","logger":"unusual_prefix_ae26fa07338e19426b897baec637b3661fba608d_shopstream_daily_pipeline","filename":"shopstream_daily_pipeline.py","lineno":118}
{"timestamp":"2025-12-25T10:54:40.733655Z","level":"info","event":"Running export command: /usr/python/bin/python3.12 /opt/airflow/dags/scripts/export_to_s3.py (attempts will retry on failure)","logger":"unusual_prefix_ae26fa07338e19426b897baec637b3661fba608d_shopstream_daily_pipeline","filename":"shopstream_daily_pipeline.py","lineno":139}
{"timestamp":"2025-12-25T10:54:42.017111Z","level":"warning","event":"Export attempt 1/3 failed (rc=1). stdout: ======================================================================\nEXPORT POSTGRESQL vers S3\n======================================================================\n\nDate de partition : 2025-12-25\n ; stderr: ","logger":"unusual_prefix_ae26fa07338e19426b897baec637b3661fba608d_shopstream_daily_pipeline","filename":"shopstream_daily_pipeline.py","lineno":158}
{"timestamp":"2025-12-25T10:54:42.017454Z","level":"info","event":"Retrying in 10 seconds...","logger":"unusual_prefix_ae26fa07338e19426b897baec637b3661fba608d_shopstream_daily_pipeline","filename":"shopstream_daily_pipeline.py","lineno":168}
{"timestamp":"2025-12-25T10:54:53.188508Z","level":"warning","event":"Export attempt 2/3 failed (rc=1). stdout: ======================================================================\nEXPORT POSTGRESQL vers S3\n======================================================================\n\nDate de partition : 2025-12-25\n ; stderr: ","logger":"unusual_prefix_ae26fa07338e19426b897baec637b3661fba608d_shopstream_daily_pipeline","filename":"shopstream_daily_pipeline.py","lineno":158}
{"timestamp":"2025-12-25T10:54:53.188705Z","level":"info","event":"Retrying in 20 seconds...","logger":"unusual_prefix_ae26fa07338e19426b897baec637b3661fba608d_shopstream_daily_pipeline","filename":"shopstream_daily_pipeline.py","lineno":168}
{"timestamp":"2025-12-25T10:55:17.085268Z","level":"warning","event":"Export attempt 3/3 failed (rc=1). stdout: ======================================================================\nEXPORT POSTGRESQL vers S3\n======================================================================\n\nDate de partition : 2025-12-25\n ; stderr: ","logger":"unusual_prefix_ae26fa07338e19426b897baec637b3661fba608d_shopstream_daily_pipeline","filename":"shopstream_daily_pipeline.py","lineno":158}
{"timestamp":"2025-12-25T10:55:17.085474Z","level":"error","event":"Export failed after 3 attempts","logger":"unusual_prefix_ae26fa07338e19426b897baec637b3661fba608d_shopstream_daily_pipeline","filename":"shopstream_daily_pipeline.py","lineno":171}
{"timestamp":"2025-12-25T10:55:17.085779Z","level":"error","event":"Task failed with exception","logger":"task","filename":"task_runner.py","lineno":1008,"error_detail":[{"exc_type":"Exception","exc_value":"Erreur lors de l'export (rc=1).\nstdout:\n======================================================================\nEXPORT POSTGRESQL vers S3\n======================================================================\n\nDate de partition : 2025-12-25\n\nExport de la table 'users'...\nConnexion à PostgreSQL...\nErreur de connexion PostgreSQL : connection to server at \"localhost\" (::1), port 5432 failed: Connection refused\n\tIs the server running on that host and accepting TCP/IP connections?\nconnection to server at \"localhost\" (127.0.0.1), port 5432 failed: Connection refused\n\tIs the server running on that host and accepting TCP/IP connections?\n\nstderr:\n<empty>","exc_notes":[],"syntax_error":null,"is_cause":false,"frames":[{"filename":"/home/airflow/.local/lib/python3.12/site-packages/airflow/sdk/execution_time/task_runner.py","lineno":934,"name":"run"},{"filename":"/home/airflow/.local/lib/python3.12/site-packages/airflow/sdk/execution_time/task_runner.py","lineno":1320,"name":"_execute_task"},{"filename":"/home/airflow/.local/lib/python3.12/site-packages/airflow/sdk/bases/operator.py","lineno":417,"name":"wrapper"},{"filename":"/home/airflow/.local/lib/python3.12/site-packages/airflow/providers/standard/operators/python.py","lineno":215,"name":"execute"},{"filename":"/home/airflow/.local/lib/python3.12/site-packages/airflow/providers/standard/operators/python.py","lineno":238,"name":"execute_callable"},{"filename":"/home/airflow/.local/lib/python3.12/site-packages/airflow/sdk/execution_time/callback_runner.py","lineno":82,"name":"run"},{"filename":"/opt/airflow/dags/shopstream_daily_pipeline.py","lineno":172,"name":"extract_postgres_to_s3"}],"is_group":false,"exceptions":[]}]}
{"timestamp":"2025-12-25T10:55:17.285647Z","level":"info","event":"Task instance in failure state","logger":"task.stdout"}
{"timestamp":"2025-12-25T10:55:17.286400Z","level":"info","event":"Task start","logger":"task.stdout"}
{"timestamp":"2025-12-25T10:55:17.286860Z","level":"info","event":"Task:<Task(PythonOperator): extract_postgres_to_s3>","logger":"task.stdout"}
{"timestamp":"2025-12-25T10:55:17.287409Z","level":"info","event":"Failure caused by Erreur lors de l'export (rc=1).","logger":"task.stdout"}
{"timestamp":"2025-12-25T10:55:17.287903Z","level":"info","event":"stdout:","logger":"task.stdout"}
{"timestamp":"2025-12-25T10:55:17.288473Z","level":"info","event":"======================================================================","logger":"task.stdout"}
{"timestamp":"2025-12-25T10:55:17.288939Z","level":"info","event":"EXPORT POSTGRESQL vers S3","logger":"task.stdout"}
{"timestamp":"2025-12-25T10:55:17.289647Z","level":"info","event":"======================================================================","logger":"task.stdout"}
{"timestamp":"2025-12-25T10:55:17.290061Z","level":"info","event":"","logger":"task.stdout"}
{"timestamp":"2025-12-25T10:55:17.290576Z","level":"info","event":"Date de partition : 2025-12-25","logger":"task.stdout"}
{"timestamp":"2025-12-25T10:55:17.291219Z","level":"info","event":"","logger":"task.stdout"}
{"timestamp":"2025-12-25T10:55:17.291743Z","level":"info","event":"Export de la table 'users'...","logger":"task.stdout"}
{"timestamp":"2025-12-25T10:55:17.292192Z","level":"info","event":"Connexion à PostgreSQL...","logger":"task.stdout"}
{"timestamp":"2025-12-25T10:55:17.292587Z","level":"info","event":"Erreur de connexion PostgreSQL : connection to server at \"localhost\" (::1), port 5432 failed: Connection refused","logger":"task.stdout"}
{"timestamp":"2025-12-25T10:55:17.293103Z","level":"info","event":"\tIs the server running on that host and accepting TCP/IP connections?","logger":"task.stdout"}
{"timestamp":"2025-12-25T10:55:17.293602Z","level":"info","event":"connection to server at \"localhost\" (127.0.0.1), port 5432 failed: Connection refused","logger":"task.stdout"}
{"timestamp":"2025-12-25T10:55:17.294105Z","level":"info","event":"\tIs the server running on that host and accepting TCP/IP connections?","logger":"task.stdout"}
{"timestamp":"2025-12-25T10:55:17.294771Z","level":"info","event":"","logger":"task.stdout"}
{"timestamp":"2025-12-25T10:55:17.295811Z","level":"info","event":"stderr:","logger":"task.stdout"}
{"timestamp":"2025-12-25T10:55:17.296393Z","level":"info","event":"<empty>","logger":"task.stdout"}
