{"timestamp":"2025-12-25T10:09:20.141512Z","level":"info","event":"DAG bundles loaded: dags-folder, example_dags","logger":"airflow.dag_processing.bundles.manager.DagBundlesManager","filename":"manager.py","lineno":179}
{"timestamp":"2025-12-25T10:09:20.142894Z","level":"info","event":"Filling up the DagBag from /opt/airflow/dags/shopstream_daily_pipeline.py","logger":"airflow.models.dagbag.DagBag","filename":"dagbag.py","lineno":593}
{"timestamp":"2025-12-25T10:09:20.624904Z","level":"info","event":"Task instance is in running state","logger":"task.stdout"}
{"timestamp":"2025-12-25T10:09:20.625401Z","level":"info","event":" Previous state of the Task instance: TaskInstanceState.QUEUED","logger":"task.stdout"}
{"timestamp":"2025-12-25T10:09:20.625651Z","level":"info","event":"Current task name:extract_postgres_to_s3","logger":"task.stdout"}
{"timestamp":"2025-12-25T10:09:20.625834Z","level":"info","event":"Dag name:shopstream_daily_pipeline","logger":"task.stdout"}
{"timestamp":"2025-12-25T10:09:20.626726Z","level":"info","event":"Extraction PostgreSQL vers S3 pour 2025-12-25","logger":"unusual_prefix_ae26fa07338e19426b897baec637b3661fba608d_shopstream_daily_pipeline","filename":"shopstream_daily_pipeline.py","lineno":118}
{"timestamp":"2025-12-25T10:09:20.633076Z","level":"info","event":"Running export command: /usr/python/bin/python3.12 /opt/airflow/dags/scripts/export_to_s3.py (attempts will retry on failure)","logger":"unusual_prefix_ae26fa07338e19426b897baec637b3661fba608d_shopstream_daily_pipeline","filename":"shopstream_daily_pipeline.py","lineno":139}
{"timestamp":"2025-12-25T10:09:21.590499Z","level":"warning","event":"Export attempt 1/3 failed (rc=1). stdout: ======================================================================\nEXPORT POSTGRESQL vers S3\n======================================================================\n\nDate de partition : 2025-12-25\n ; stderr: ","logger":"unusual_prefix_ae26fa07338e19426b897baec637b3661fba608d_shopstream_daily_pipeline","filename":"shopstream_daily_pipeline.py","lineno":158}
{"timestamp":"2025-12-25T10:09:21.590673Z","level":"info","event":"Retrying in 10 seconds...","logger":"unusual_prefix_ae26fa07338e19426b897baec637b3661fba608d_shopstream_daily_pipeline","filename":"shopstream_daily_pipeline.py","lineno":168}
{"timestamp":"2025-12-25T10:09:32.544274Z","level":"warning","event":"Export attempt 2/3 failed (rc=1). stdout: ======================================================================\nEXPORT POSTGRESQL vers S3\n======================================================================\n\nDate de partition : 2025-12-25\n ; stderr: ","logger":"unusual_prefix_ae26fa07338e19426b897baec637b3661fba608d_shopstream_daily_pipeline","filename":"shopstream_daily_pipeline.py","lineno":158}
{"timestamp":"2025-12-25T10:09:32.544545Z","level":"info","event":"Retrying in 20 seconds...","logger":"unusual_prefix_ae26fa07338e19426b897baec637b3661fba608d_shopstream_daily_pipeline","filename":"shopstream_daily_pipeline.py","lineno":168}
{"timestamp":"2025-12-25T10:09:53.800306Z","level":"warning","event":"Export attempt 3/3 failed (rc=1). stdout: ======================================================================\nEXPORT POSTGRESQL vers S3\n======================================================================\n\nDate de partition : 2025-12-25\n ; stderr: ","logger":"unusual_prefix_ae26fa07338e19426b897baec637b3661fba608d_shopstream_daily_pipeline","filename":"shopstream_daily_pipeline.py","lineno":158}
{"timestamp":"2025-12-25T10:09:53.800605Z","level":"error","event":"Export failed after 3 attempts","logger":"unusual_prefix_ae26fa07338e19426b897baec637b3661fba608d_shopstream_daily_pipeline","filename":"shopstream_daily_pipeline.py","lineno":171}
{"timestamp":"2025-12-25T10:09:53.800937Z","level":"error","event":"Task failed with exception","logger":"task","filename":"task_runner.py","lineno":1008,"error_detail":[{"exc_type":"Exception","exc_value":"Erreur lors de l'export (rc=1).\nstdout:\n======================================================================\nEXPORT POSTGRESQL vers S3\n======================================================================\n\nDate de partition : 2025-12-25\n\nExport de la table 'users'...\nConnexion à PostgreSQL...\nErreur de connexion PostgreSQL : connection to server at \"localhost\" (::1), port 5432 failed: Connection refused\n\tIs the server running on that host and accepting TCP/IP connections?\nconnection to server at \"localhost\" (127.0.0.1), port 5432 failed: Connection refused\n\tIs the server running on that host and accepting TCP/IP connections?\n\nstderr:\n<empty>","exc_notes":[],"syntax_error":null,"is_cause":false,"frames":[{"filename":"/home/airflow/.local/lib/python3.12/site-packages/airflow/sdk/execution_time/task_runner.py","lineno":934,"name":"run"},{"filename":"/home/airflow/.local/lib/python3.12/site-packages/airflow/sdk/execution_time/task_runner.py","lineno":1320,"name":"_execute_task"},{"filename":"/home/airflow/.local/lib/python3.12/site-packages/airflow/sdk/bases/operator.py","lineno":417,"name":"wrapper"},{"filename":"/home/airflow/.local/lib/python3.12/site-packages/airflow/providers/standard/operators/python.py","lineno":215,"name":"execute"},{"filename":"/home/airflow/.local/lib/python3.12/site-packages/airflow/providers/standard/operators/python.py","lineno":238,"name":"execute_callable"},{"filename":"/home/airflow/.local/lib/python3.12/site-packages/airflow/sdk/execution_time/callback_runner.py","lineno":82,"name":"run"},{"filename":"/opt/airflow/dags/shopstream_daily_pipeline.py","lineno":172,"name":"extract_postgres_to_s3"}],"is_group":false,"exceptions":[]}]}
{"timestamp":"2025-12-25T10:09:53.822147Z","level":"info","event":"Task instance in failure state","logger":"task.stdout"}
{"timestamp":"2025-12-25T10:09:53.822718Z","level":"info","event":"Task start","logger":"task.stdout"}
{"timestamp":"2025-12-25T10:09:53.823096Z","level":"info","event":"Task:<Task(PythonOperator): extract_postgres_to_s3>","logger":"task.stdout"}
{"timestamp":"2025-12-25T10:09:53.823452Z","level":"info","event":"Failure caused by Erreur lors de l'export (rc=1).","logger":"task.stdout"}
{"timestamp":"2025-12-25T10:09:53.823833Z","level":"info","event":"stdout:","logger":"task.stdout"}
{"timestamp":"2025-12-25T10:09:53.824228Z","level":"info","event":"======================================================================","logger":"task.stdout"}
{"timestamp":"2025-12-25T10:09:53.824571Z","level":"info","event":"EXPORT POSTGRESQL vers S3","logger":"task.stdout"}
{"timestamp":"2025-12-25T10:09:53.824883Z","level":"info","event":"======================================================================","logger":"task.stdout"}
{"timestamp":"2025-12-25T10:09:53.825302Z","level":"info","event":"","logger":"task.stdout"}
{"timestamp":"2025-12-25T10:09:53.825702Z","level":"info","event":"Date de partition : 2025-12-25","logger":"task.stdout"}
{"timestamp":"2025-12-25T10:09:53.826006Z","level":"info","event":"","logger":"task.stdout"}
{"timestamp":"2025-12-25T10:09:53.826326Z","level":"info","event":"Export de la table 'users'...","logger":"task.stdout"}
{"timestamp":"2025-12-25T10:09:53.826731Z","level":"info","event":"Connexion à PostgreSQL...","logger":"task.stdout"}
{"timestamp":"2025-12-25T10:09:53.827205Z","level":"info","event":"Erreur de connexion PostgreSQL : connection to server at \"localhost\" (::1), port 5432 failed: Connection refused","logger":"task.stdout"}
{"timestamp":"2025-12-25T10:09:53.827635Z","level":"info","event":"\tIs the server running on that host and accepting TCP/IP connections?","logger":"task.stdout"}
{"timestamp":"2025-12-25T10:09:53.828124Z","level":"info","event":"connection to server at \"localhost\" (127.0.0.1), port 5432 failed: Connection refused","logger":"task.stdout"}
{"timestamp":"2025-12-25T10:09:53.828452Z","level":"info","event":"\tIs the server running on that host and accepting TCP/IP connections?","logger":"task.stdout"}
{"timestamp":"2025-12-25T10:09:53.828762Z","level":"info","event":"","logger":"task.stdout"}
{"timestamp":"2025-12-25T10:09:53.829033Z","level":"info","event":"stderr:","logger":"task.stdout"}
{"timestamp":"2025-12-25T10:09:53.829302Z","level":"info","event":"<empty>","logger":"task.stdout"}
