{"timestamp":"2025-12-22T23:29:59.261484Z","level":"info","event":"DAG bundles loaded: dags-folder, example_dags","logger":"airflow.dag_processing.bundles.manager.DagBundlesManager","filename":"manager.py","lineno":179}
{"timestamp":"2025-12-22T23:29:59.262698Z","level":"info","event":"Filling up the DagBag from /opt/airflow/dags/shopstream_daily_pipeline.py","logger":"airflow.models.dagbag.DagBag","filename":"dagbag.py","lineno":593}
{"timestamp":"2025-12-22T23:29:59.540633Z","level":"info","event":"Task instance is in running state","logger":"task.stdout"}
{"timestamp":"2025-12-22T23:29:59.541507Z","level":"info","event":" Previous state of the Task instance: TaskInstanceState.QUEUED","logger":"task.stdout"}
{"timestamp":"2025-12-22T23:29:59.542292Z","level":"info","event":"Current task name:extract_postgres_to_s3","logger":"task.stdout"}
{"timestamp":"2025-12-22T23:29:59.542967Z","level":"info","event":"Dag name:shopstream_daily_pipeline","logger":"task.stdout"}
{"timestamp":"2025-12-22T23:29:59.542672Z","level":"info","event":"Extraction PostgreSQL vers S3 pour 2025-12-22","logger":"unusual_prefix_ae26fa07338e19426b897baec637b3661fba608d_shopstream_daily_pipeline","filename":"shopstream_daily_pipeline.py","lineno":109}
{"timestamp":"2025-12-22T23:29:59.546030Z","level":"info","event":"Running export command: /usr/python/bin/python3.12 /opt/airflow/dags/scripts/export_to_s3.py","logger":"unusual_prefix_ae26fa07338e19426b897baec637b3661fba608d_shopstream_daily_pipeline","filename":"shopstream_daily_pipeline.py","lineno":118}
{"timestamp":"2025-12-22T23:30:00.425671Z","level":"error","event":"Export failed (rc=1). stdout: ======================================================================\nEXPORT POSTGRESQL vers S3\n======================================================================\n\nDate de partition : 2025-12-22\n\nExport de la table 'users'...\nConnexion à PostgreSQL...\nErreur de connexion PostgreSQL : connection to server at \"localhost\" (::1), port 5432 failed: Connection refused\n\tIs the server running on that host and accepting TCP/IP connections?\nconnection to server at \"localhost\" (127.0.0.1), port 5432 failed: Connection refused\n\tIs the server running on that host and accepting TCP/IP connections? ; stderr: ","logger":"unusual_prefix_ae26fa07338e19426b897baec637b3661fba608d_shopstream_daily_pipeline","filename":"shopstream_daily_pipeline.py","lineno":129}
{"timestamp":"2025-12-22T23:30:00.425896Z","level":"error","event":"Task failed with exception","logger":"task","filename":"task_runner.py","lineno":1008,"error_detail":[{"exc_type":"Exception","exc_value":"Erreur lors de l'export (rc=1).\nstdout:\n======================================================================\nEXPORT POSTGRESQL vers S3\n======================================================================\n\nDate de partition : 2025-12-22\n\nExport de la table 'users'...\nConnexion à PostgreSQL...\nErreur de connexion PostgreSQL : connection to server at \"localhost\" (::1), port 5432 failed: Connection refused\n\tIs the server running on that host and accepting TCP/IP connections?\nconnection to server at \"localhost\" (127.0.0.1), port 5432 failed: Connection refused\n\tIs the server running on that host and accepting TCP/IP connections?\n\nstderr:\n<empty>","exc_notes":[],"syntax_error":null,"is_cause":false,"frames":[{"filename":"/home/airflow/.local/lib/python3.12/site-packages/airflow/sdk/execution_time/task_runner.py","lineno":934,"name":"run"},{"filename":"/home/airflow/.local/lib/python3.12/site-packages/airflow/sdk/execution_time/task_runner.py","lineno":1320,"name":"_execute_task"},{"filename":"/home/airflow/.local/lib/python3.12/site-packages/airflow/sdk/bases/operator.py","lineno":417,"name":"wrapper"},{"filename":"/home/airflow/.local/lib/python3.12/site-packages/airflow/providers/standard/operators/python.py","lineno":215,"name":"execute"},{"filename":"/home/airflow/.local/lib/python3.12/site-packages/airflow/providers/standard/operators/python.py","lineno":238,"name":"execute_callable"},{"filename":"/home/airflow/.local/lib/python3.12/site-packages/airflow/sdk/execution_time/callback_runner.py","lineno":82,"name":"run"},{"filename":"/opt/airflow/dags/shopstream_daily_pipeline.py","lineno":130,"name":"extract_postgres_to_s3"}],"is_group":false,"exceptions":[]}]}
{"timestamp":"2025-12-22T23:30:00.440736Z","level":"info","event":"Task instance in failure state","logger":"task.stdout"}
{"timestamp":"2025-12-22T23:30:00.441404Z","level":"info","event":"Task start","logger":"task.stdout"}
{"timestamp":"2025-12-22T23:30:00.441621Z","level":"info","event":"Task:<Task(PythonOperator): extract_postgres_to_s3>","logger":"task.stdout"}
{"timestamp":"2025-12-22T23:30:00.441821Z","level":"info","event":"Failure caused by Erreur lors de l'export (rc=1).","logger":"task.stdout"}
{"timestamp":"2025-12-22T23:30:00.442113Z","level":"info","event":"stdout:","logger":"task.stdout"}
{"timestamp":"2025-12-22T23:30:00.442287Z","level":"info","event":"======================================================================","logger":"task.stdout"}
{"timestamp":"2025-12-22T23:30:00.442446Z","level":"info","event":"EXPORT POSTGRESQL vers S3","logger":"task.stdout"}
{"timestamp":"2025-12-22T23:30:00.442642Z","level":"info","event":"======================================================================","logger":"task.stdout"}
{"timestamp":"2025-12-22T23:30:00.442779Z","level":"info","event":"","logger":"task.stdout"}
{"timestamp":"2025-12-22T23:30:00.442891Z","level":"info","event":"Date de partition : 2025-12-22","logger":"task.stdout"}
{"timestamp":"2025-12-22T23:30:00.442998Z","level":"info","event":"","logger":"task.stdout"}
{"timestamp":"2025-12-22T23:30:00.443150Z","level":"info","event":"Export de la table 'users'...","logger":"task.stdout"}
{"timestamp":"2025-12-22T23:30:00.443315Z","level":"info","event":"Connexion à PostgreSQL...","logger":"task.stdout"}
{"timestamp":"2025-12-22T23:30:00.443448Z","level":"info","event":"Erreur de connexion PostgreSQL : connection to server at \"localhost\" (::1), port 5432 failed: Connection refused","logger":"task.stdout"}
{"timestamp":"2025-12-22T23:30:00.443560Z","level":"info","event":"\tIs the server running on that host and accepting TCP/IP connections?","logger":"task.stdout"}
{"timestamp":"2025-12-22T23:30:00.443670Z","level":"info","event":"connection to server at \"localhost\" (127.0.0.1), port 5432 failed: Connection refused","logger":"task.stdout"}
{"timestamp":"2025-12-22T23:30:00.443780Z","level":"info","event":"\tIs the server running on that host and accepting TCP/IP connections?","logger":"task.stdout"}
{"timestamp":"2025-12-22T23:30:00.443890Z","level":"info","event":"","logger":"task.stdout"}
{"timestamp":"2025-12-22T23:30:00.444028Z","level":"info","event":"stderr:","logger":"task.stdout"}
{"timestamp":"2025-12-22T23:30:00.444166Z","level":"info","event":"<empty>","logger":"task.stdout"}
